<?xml version="1.0" encoding="UTF-8"?>
<testng-results skipped="0" failed="0" ignored="0" total="1" passed="1">
  <reporter-output>
  </reporter-output>
  <suite name="Default suite" duration-ms="10892" started-at="2023-03-11T08:20:10 IST" finished-at="2023-03-11T08:20:21 IST">
    <groups>
    </groups>
    <test name="Default test" duration-ms="10892" started-at="2023-03-11T08:20:10 IST" finished-at="2023-03-11T08:20:21 IST">
      <class name="auotoit.f1">
        <test-method status="PASS" signature="t1()[pri:0, instance:auotoit.f1@76b0bfab]" name="t1" duration-ms="10855" started-at="2023-03-11T08:20:10 IST" finished-at="2023-03-11T08:20:21 IST">
          <reporter-output>
          </reporter-output>
        </test-method> <!-- t1 -->
      </class> <!-- auotoit.f1 -->
    </test> <!-- Default test -->
  </suite> <!-- Default suite -->
</testng-results>
